"../../../Engine/Content/Functions/Engine_MaterialFunctions01/Shading/PowerToRoughness.uasset" 0
"../../../Engine/Content/Functions/Engine_MaterialFunctions01/Shading/ConvertFromDiffSpec.uasset" 1
"../../../Engine/Content/EngineMaterials/DefaultDiffuse.uasset" 2
"../../../Engine/Content/EngineMaterials/DefaultDeferredDecalMaterial.uasset" 3
"../../../Engine/Content/EngineMaterials/DefaultLightFunctionMaterial.uasset" 4
"../../../Engine/Content/Functions/Engine_MaterialFunctions02/Utility/BreakOutFloat2Components.uasset" 5
"../../../Engine/Content/EngineMaterials/DefaultPostProcessMaterial.uasset" 6
"../../../Engine/Content/EditorMaterials/Camera/CineMat.uasset" 7
"../../../Engine/Content/EditorMaterials/Camera/MI_CineMat_Rig.uasset" 8
"../../../Engine/Content/EditorMeshes/Camera/SM_CraneRig_Base.uasset" 9
"../../../Engine/Content/EditorMeshes/Camera/SM_CraneRig_Arm.uasset" 10
"../../../Engine/Content/EditorMeshes/Camera/SM_CraneRig_Mount.uasset" 11
"../../../Engine/Content/EditorMeshes/Camera/SM_CraneRig_Body.uasset" 12
"../../../Engine/Content/EditorMeshes/Camera/SM_RailRig_Track.uasset" 13
"../../../Engine/Content/EditorMeshes/Camera/SM_RailRig_Mount.uasset" 14
"../../../Engine/Content/EngineResources/AICON-Red.uasset" 15
"../../../Engine/Content/EngineResources/AICON-Green.uasset" 16
"../../../Engine/Content/EngineFonts/Roboto.uasset" 17
"../../../Engine/Content/EngineResources/DefaultTexture.uasset" 18
"../../../Engine/Content/Functions/Engine_MaterialFunctions01/Texturing/ScaleUVsByCenter.uasset" 19
"../../../Engine/Content/Functions/Engine_MaterialFunctions02/ScreenResolution.uasset" 20
"../../../Engine/Content/Functions/Engine_MaterialFunctions02/Texturing/ScreenAlignedUVs.uasset" 21
"../../../Engine/Content/EngineResources/WhiteSquareTexture.uasset" 22
"../../../Engine/Content/EngineMaterials/Widget3DPassThrough.uasset" 23
"../../../Engine/Content/EngineMaterials/Widget3DPassThrough_Translucent.uasset" 24
"../../../Engine/Content/EngineMaterials/Widget3DPassThrough_Translucent_OneSided.uasset" 25
"../../../Engine/Content/EngineMaterials/Widget3DPassThrough_Opaque.uasset" 26
"../../../Engine/Content/EngineMaterials/Widget3DPassThrough_Opaque_OneSided.uasset" 27
"../../../Engine/Content/EngineMaterials/Widget3DPassThrough_Masked.uasset" 28
"../../../Engine/Content/EngineMaterials/Widget3DPassThrough_Masked_OneSided.uasset" 29
"../../../Engine/Content/EditorResources/S_Actor.uasset" 30
"../../../Engine/Content/EditorMaterials/AssetViewer/EpicQuadPanorama_CC+EV1.uasset" 31
"../../../Engine/Content/EditorResources/RGBTable16x1_AssetViewer.uasset" 32
"../../../Engine/Content/Maps/Templates/Thumbnails/Default.uasset" 33
"../../../Engine/Content/Maps/Templates/Thumbnails/VR-Basic.uasset" 34
"../../../Engine/Content/EditorMaterials/ParticleSystems/PSysThumbnail_NoImage.uasset" 35
"../../../Engine/Content/EditorMaterials/ParticleSystems/PSysThumbnail_OOD.uasset" 36
"../../../Engine/Content/EditorLandscapeResources/DataLayer.uasset" 37
"../../../Engine/Content/EngineMeshes/Sphere.uasset" 38
"../../../Engine/Content/EngineFonts/RobotoDistanceField.uasset" 39
"../../../Engine/Content/EngineMaterials/DefaultTextMaterialOpaque.uasset" 40
"../../../Engine/Content/EditorResources/S_Trigger.uasset" 41
"../../../Engine/Content/EngineResources/GradientTexture0.uasset" 42
"../../../Engine/Content/EngineResources/Black.uasset" 43
"../../../Engine/Content/EditorMaterials/MatineeGroups/MAT_Groups_Float.uasset" 44
"../../../Engine/Content/EditorMaterials/MatineeGroups/MAT_Groups_Director.uasset" 45
"../../../Engine/Content/EditorMaterials/MatineeGroups/MAT_Groups_Event.uasset" 46
"../../../Engine/Content/EditorMaterials/MatineeGroups/MAT_Groups_Anim.uasset" 47
"../../../Engine/Content/EditorMaterials/MatineeGroups/MAT_Groups_Fade.uasset" 48
"../../../Engine/Content/EditorMaterials/MatineeGroups/MAT_Groups_Move.uasset" 49
"../../../Engine/Content/EditorMaterials/MatineeGroups/MAT_Groups_Slomo.uasset" 50
"../../../Engine/Content/EditorMaterials/MatineeGroups/MAT_ColorTrack.uasset" 51
"../../../Engine/Content/EditorMaterials/MAT_Groups_Toggle.uasset" 52
"../../../Engine/Content/EditorMaterials/MatineeGroups/MAT_Groups_AudioMaster.uasset" 53
"../../../Engine/Content/EditorMaterials/MatineeGroups/MAT_Groups_Sound.uasset" 54
"../../../Engine/Content/EditorMaterials/MatineeGroups/MAT_Groups_Vector.uasset" 55
"../../../Engine/Content/EditorMaterials/MAT_Groups_Visibility.uasset" 56
"../../../Engine/Content/EngineResources/DefaultTextureCube.uasset" 57
"../../../Engine/Content/Functions/Engine_MaterialFunctions01/Opacity/CameraDepthFade.uasset" 58
"../../../Engine/Content/EngineMaterials/T_Default_Material_Grid_M.uasset" 59
"../../../Engine/Content/EngineMaterials/T_Default_Material_Grid_N.uasset" 60
"../../../Engine/Content/EngineMaterials/DefaultMaterial.uasset" 61
"../../../Engine/Content/EngineMeshes/Cylinder.uasset" 62
"../../../Engine/Content/EngineTireTypes/DefaultTireType.uasset" 63
"../../../Engine/Content/VREditor/LaserPointer/VR_LaserPower_01.uasset" 64
"../../../Engine/Content/VREditor/TransformGizmo/TransformGizmoMaterial.uasset" 65
"../../../Engine/Content/VREditor/TransformGizmo/TranslucentTransformGizmoMaterial.uasset" 66
"../../../Engine/Content/VREditor/TransformGizmo/UniformScaleHandle.uasset" 67
"../../../Engine/Content/VREditor/TransformGizmo/TranslateHandleLong.uasset" 68
"../../../Engine/Content/VREditor/TransformGizmo/PlaneTranslationHandle.uasset" 69
"../../../Engine/Content/VREditor/TransformGizmo/RotationHandleFull.uasset" 70
"../../../Engine/Content/VREditor/TransformGizmo/StretchingHandle.uasset" 71
"../../../Engine/Content/VREditor/TransformGizmo/BoundingBoxCorner.uasset" 72
"../../../Engine/Content/VREditor/TransformGizmo/BoundingBoxEdge.uasset" 73
"../../../Engine/Content/VREditor/UI/SelectionBarMesh.uasset" 74
"../../../Engine/Content/VREditor/UI/CloseButtonMesh.uasset" 75
"../../../Engine/Content/VREditor/FloatingText/LineMaterial.uasset" 76
"../../../Engine/Content/VREditor/FloatingText/LineSegmentCylinder.uasset" 77
"../../../Engine/Content/VREditor/FloatingText/JointSphere.uasset" 78
"../../../Engine/Content/VREditor/Fonts/VRText_RobotoLarge.uasset" 79
"../../../Engine/Content/VREditor/Fonts/VRTextMaterial.uasset" 80
"../../../Engine/Content/VREditor/Fonts/TranslucentVRTextMaterial.uasset" 81
"../../../Engine/Content/VREditor/TransformGizmo/TranslationHandle.uasset" 82
"../../../Engine/Content/VREditor/TransformGizmo/RotationHandle.uasset" 83
"../../../Engine/Content/VREditor/Devices/Generic/GenericHMDMaterial.uasset" 84
"../../../Engine/Content/VREditor/Devices/Generic/GenericHMD.uasset" 85
"../../../Engine/Content/Functions/Engine_MaterialFunctions01/Gradient/RadialGradient.uasset" 86
"../../../Engine/Content/EditorLandscapeResources/FlattenHeightMat.uasset" 87
"../../../Engine/Content/VREditor/WorldMovementGrid/PlaneMesh.uasset" 88
"../../../Engine/Content/VREditor/WorldMovementGrid/SimpleGrid.uasset" 89
"../../../Engine/Content/VREditor/WorldMovementGrid/GridMaterial.uasset" 90
"../../../Engine/Content/VREditor/LaserPointer/LaserPointerMaterial.uasset" 91
"../../../Engine/Content/VREditor/LaserPointer/LaserPointerMaterialInst.uasset" 92
"../../../Engine/Content/VREditor/LaserPointer/TranslucentLaserPointerMaterialInst.uasset" 93
"../../../Engine/Content/VREditor/LaserPointer/LaserPointerMesh.uasset" 94
"../../../Engine/Content/Functions/Engine_MaterialFunctions01/Density/ExponentialDensity.uasset" 95
"../../../Engine/Content/VREditor/WorldMovementGrid/GridPostProcess.uasset" 96
"../../../Engine/Content/VREditor/Sounds/VR_teleport_Cue.uasset" 97
"../../../Engine/Content/VREditor/Sounds/VR_grab_Cue.uasset" 98
"../../../Engine/Content/Tutorial/Basics/TutorialAssets/icon_tab_Levels_40x.uasset" 99
"../../../Engine/Content/Tutorial/ContentIntroCurve.uasset" 100
"../../../Engine/Plugins/2D/Paper2D/Content/PlaceholderTextures/DummySpriteTexture.uasset" 101
"../../../Engine/Plugins/2D/Paper2D/Content/DefaultSpriteMaterial.uasset" 102
"../../../Engine/Plugins/2D/Paper2D/Content/MaskedUnlitSpriteMaterial.uasset" 103
"../../../Engine/Plugins/2D/Paper2D/Content/OpaqueUnlitSpriteMaterial.uasset" 104
"../../../Engine/Plugins/2D/Paper2D/Content/DummySprite.uasset" 105
"../../../Engine/Plugins/2D/Paper2D/Content/DefaultPaperTerrainMaterial.uasset" 106
"../../../Engine/Content/EngineMaterials/RemoveSurfaceMaterial.uasset" 107
"../../../Engine/Content/EngineDebugMaterials/DebugMeshMaterial.uasset" 108
"../../../Engine/Content/EngineMaterials/InvalidLightmapSettings.uasset" 109
"../../../Engine/Content/EngineMaterials/M_InvalidLightmapSettings.uasset" 110
"../../../Engine/Content/EditorMaterials/GizmoMaterial.uasset" 111
"../../../Engine/Content/EngineMaterials/PhAT_JointLimitMaterial.uasset" 112
"../../../Engine/Content/EngineMaterials/Good64x64TilingNoiseHighFreq.uasset" 113
"../../../Engine/Content/EngineMaterials/DefaultBokeh.uasset" 114
"../../../Engine/Content/EngineMaterials/PreintegratedSkinBRDF.uasset" 115
"../../../Engine/Content/EngineMaterials/MiniFont.uasset" 116
"../../../Engine/Content/EngineMaterials/WeightMapPlaceholderTexture.uasset" 117
"../../../Engine/Content/EngineMaterials/DefaultWhiteGrid.uasset" 118
"../../../Engine/Content/EngineFonts/RobotoTiny.uasset" 119
"../../../Engine/Content/EditorSounds/Notifications/CompileSuccess.uasset" 120
"../../../Engine/Content/EditorSounds/Notifications/CompileStart_Cue.uasset" 121
"../../../Engine/Content/EditorSounds/Notifications/CompileSuccess_Cue.uasset" 122
"../../../Engine/Content/EditorSounds/Notifications/CompileFailed.uasset" 123
"../../../Engine/Content/EditorSounds/Notifications/CompileFailed_Cue.uasset" 124
"../../../Engine/Content/EngineMaterials/WorldGridMaterial.uasset" 125
"../../../Engine/Content/BasicShapes/Cube.uasset" 126
"../../../Engine/Content/BasicShapes/Cone.uasset" 127
"../../../Evacuate_Proto/Content/Objects/Character/Controller.uasset" 128
"../../../Evacuate_Proto/Content/Objects/Character/Evacuate_Character_Skeleton.uasset" 129
"../../../Evacuate_Proto/Content/Objects/Character/Animations/Ghost.uasset" 130
"../../../Evacuate_Proto/Content/Objects/Character/Animations/IDLE_Stand.uasset" 131
"../../../Evacuate_Proto/Content/Objects/Character/Animations/IDLE_Stand_180.uasset" 132
"../../../Evacuate_Proto/Content/Objects/Character/Animations/IDLE_Stand_90.uasset" 133
"../../../Evacuate_Proto/Content/Objects/Character/Animations/IDLE_Stand_n90.uasset" 134
"../../../Evacuate_Proto/Content/Objects/Character/Animations/RUN.uasset" 135
"../../../Evacuate_Proto/Content/Objects/Character/Animations/RUN_180.uasset" 136
"../../../Evacuate_Proto/Content/Objects/Character/Animations/RUN_90.uasset" 137
"../../../Evacuate_Proto/Content/Objects/Character/Animations/RUN_n90.uasset" 138
"../../../Evacuate_Proto/Content/Objects/Character/Animations/WALK.uasset" 139
"../../../Evacuate_Proto/Content/Objects/Character/Animations/WALK_180.uasset" 140
"../../../Evacuate_Proto/Content/Objects/Character/Animations/WALK_90.uasset" 141
"../../../Evacuate_Proto/Content/Objects/Character/Animations/WALK_n90.uasset" 142
"../../../Evacuate_Proto/Content/Objects/Character/Animations/BlendSpaces/Locomotion.uasset" 143
"../../../Engine/Content/EditorBlueprintResources/StandardMacros.uasset" 144
"../../../Evacuate_Proto/Content/Blueprints/Character/AI_Character/BB_NPC.uasset" 145
"../../../Evacuate_Proto/Content/Blueprints/Character/AI_Character/AgroCheck.uasset" 146
"../../../Evacuate_Proto/Content/Blueprints/Character/AI_Character/CloseEnough.uasset" 147
"../../../Evacuate_Proto/Content/Blueprints/Character/AI_Character/RapidMoveTo.uasset" 148
"../../../Evacuate_Proto/Content/Blueprints/Character/AI_Character/BT_NPC.uasset" 149
"../../../Evacuate_Proto/Content/Blueprints/Character/AI_Character/NPC_Controller.uasset" 150
"../../../Engine/Content/EngineDamageTypes/DmgTypeBP_Environmental.uasset" 151
"../../../Evacuate_Proto/Content/Blueprints/DataTypes/Environment_Trap_Types.uasset" 152
"../../../Evacuate_Proto/Content/Blueprints/DataTypes/Environment_Trap.uasset" 153
"../../../Evacuate_Proto/Content/Materials/Base.uasset" 154
"../../../Engine/Content/Functions/Engine_MaterialFunctions01/Gradient/RadialGradientExponential.uasset" 155
"../../../Evacuate_Proto/Content/Objects/Particles/M_sparks.uasset" 156
"../../../Evacuate_Proto/Content/Objects/Particles/sparks_GPU.uasset" 157
"../../../Evacuate_Proto/Content/Objects/Static/Fixture.uasset" 158
"../../../Evacuate_Proto/Content/Objects/Static/Overhead_Light.uasset" 159
"../../../Evacuate_Proto/Content/Blueprints/SmartObjects/LightStrip.uasset" 160
"../../../Evacuate_Proto/Content/Materials/Base_Shadow_Character.uasset" 161
"../../../Evacuate_Proto/Content/Objects/Character/Evacuate_Character.uasset" 162
"../../../Evacuate_Proto/Content/Blueprints/Character/AI_Character/NPC.uasset" 163
"../../../Evacuate_Proto/Content/Objects/Character/Evacuate_Player_ABP2.uasset" 164
"../../../Evacuate_Proto/Content/Objects/Character/MI_Base_Shadow_Character.uasset" 165
"../../../Evacuate_Proto/Content/Blueprints/GUI/HUD.uasset" 166
"../../../Evacuate_Proto/Content/Objects/Particles/smoke.uasset" 167
"../../../Evacuate_Proto/Content/Textures/Diffuse/T_Fire_Tiled_D.uasset" 168
"../../../Evacuate_Proto/Content/Objects/Particles/M_fire.uasset" 169
"../../../Evacuate_Proto/Content/Objects/Particles/shadow_fire.uasset" 170
"../../../Evacuate_Proto/Content/Objects/Character/Player_Character2.uasset" 171
"../../../Evacuate_Proto/Content/Blueprints/Evacuate_GameMode.uasset" 172
"../../../Engine/Content/EditorResources/BSPVertex.uasset" 173
"../../../Engine/Content/EngineDebugMaterials/GeomMaterial.uasset" 174
"../../../Engine/Content/EngineDebugMaterials/HeatmapGradient.uasset" 175
"../../../Engine/Content/EngineDebugMaterials/BoneWeightMaterial.uasset" 176
"../../../Engine/Content/EditorMaterials/PreviewShadowIndicator.uasset" 177
"../../../Engine/Content/EditorMaterials/PreviewShadowIndicatorMaterial.uasset" 178
"../../../Engine/Content/EngineMaterials/EditorBrushMaterial.uasset" 179
"../../../Engine/Content/EditorMeshes/ColorCalibrator/M_ChromeBall.uasset" 180
"../../../Engine/Content/EditorMeshes/ColorCalibrator/M_ClearCoat.uasset" 181
"../../../Engine/Content/EditorMeshes/ColorCalibrator/M_ClearCoatBlack.uasset" 182
"../../../Engine/Content/EditorMeshes/ColorCalibrator/T_ColorGrid.uasset" 183
"../../../Engine/Content/EditorMeshes/ColorCalibrator/M_ColorGrid.uasset" 184
"../../../Engine/Content/EditorMeshes/ColorCalibrator/M_GreyBall.uasset" 185
"../../../Engine/Content/EditorMeshes/ColorCalibrator/SM_ColorCalibrator.uasset" 186
"../../../Engine/Content/MobileResources/HUD/VirtualJoystick_Background.uasset" 187
"../../../Engine/Content/MobileResources/HUD/VirtualJoystick_Thumb.uasset" 188
"../../../Engine/Content/MobileResources/HUD/DefaultVirtualJoysticks.uasset" 189
"../../../Engine/Content/Tutorial/BlueprintTutorials/TutorialAssets/Blueprint_64x.uasset" 190
"../../../Engine/Content/Tutorial/SubEditors/TutorialAssets/icon_Editor_Preferences_General_40x.uasset" 191
"../../../Engine/Content/Tutorial/Paper2D/TutorialAssets/Paper2DSprite_TutorialIcon.uasset" 192
"../../../Engine/Content/Tutorial/SubEditors/TutorialAssets/icon_ShowSkeletalMeshes_40x.uasset" 193
"../../../Engine/Content/Tutorial/Landscape/TutorialAssets/Landscape.uasset" 194
"../../../Engine/Content/Tutorial/Foliage/TutorialAssets/Foliage.uasset" 195
"../../../Engine/Content/Tutorial/BlueprintTutorials/TutorialAssets/BlueprintMacroLibrary_64x.uasset" 196
"../../../Engine/Content/Tutorial/BlueprintTutorials/TutorialAssets/BlueprintInterface_64x.uasset" 197
"../../../Engine/Content/Tutorial/Paper2D/TutorialAssets/Paper2DFlipbook_TutorialIcon.uasset" 198
"../../../Engine/Content/MobileResources/HUD/T_Castle_ThumbstickInner.uasset" 199
"../../../Engine/Content/EditorResources/EmptyActor.uasset" 200
"../../../Engine/Content/MobileResources/HUD/MobileHUDDirectionPad3.uasset" 201
"../../../Engine/Content/MobileResources/HUD/MobileHUDDirectionPad.uasset" 202
"../../../Engine/Content/EngineMeshes/Cube.uasset" 203
"../../../Engine/Content/Tutorial/BlueprintTutorials/TutorialAssets/Tutorial_BP_Interface.uasset" 204
"../../../Engine/Content/EditorMeshes/EditorCube.uasset" 205
"../../../Engine/Content/Tutorial/SubEditors/TutorialAssets/Tutorial_DM.uasset" 206
"../../../Engine/Content/Tutorial/SubEditors/TutorialAssets/TutorialMaterial.uasset" 207
"../../../Engine/Content/Tutorial/SubEditors/TutorialAssets/T_SmokeSubUV_8X8.uasset" 208
"../../../Engine/Content/Tutorial/SubEditors/TutorialAssets/T_soft_smoke.uasset" 209
"../../../Engine/Content/Tutorial/SubEditors/TutorialAssets/M_smoke_subUV_blackbody.uasset" 210
"../../../Engine/Content/Tutorial/SubEditors/TutorialAssets/TutorialParticleSystem.uasset" 211
"../../../Engine/Content/MobileResources/HUD/MobileHUDButton3.uasset" 212
"../../../Engine/Content/MobileResources/HUD/MobileHUDButton2_on.uasset" 213
"../../../Engine/Content/MobileResources/HUD/MobileHUDButton2_off.uasset" 214
"../../../Engine/Content/MobileResources/HUD/MobileHUDButton1_on.uasset" 215
"../../../Engine/Content/MobileResources/HUD/LeftVirtualJoystickOnly.uasset" 216
"../../../Engine/Content/MobileResources/HUD/AnalogHat.uasset" 217
"../../../Engine/Content/MobileResources/T_MobileMenu2.uasset" 218
"../../../Engine/Content/MobileResources/T_MobileControls_texture.uasset" 219
"../../../Evacuate_Proto/Content/Textures/Snapshots/HighresScreenshot00001.uasset" 220
"../../../Evacuate_Proto/Content/Textures/Normal/Wood01_ddn.uasset" 221
"../../../Evacuate_Proto/Content/Textures/Normal/tarp_texture_ddn.uasset" 222
"../../../Evacuate_Proto/Content/Textures/Normal/rock_seamless_ddn.uasset" 223
"../../../Evacuate_Proto/Content/Textures/Normal/N_Wood02.uasset" 224
"../../../Evacuate_Proto/Content/Textures/Normal/Leaf07_ddn.uasset" 225
"../../../Evacuate_Proto/Content/Textures/Normal/Leaf06_ddn.uasset" 226
"../../../Evacuate_Proto/Content/Textures/Normal/Leaf05_ddn.uasset" 227
"../../../Evacuate_Proto/Content/Textures/Normal/Leaf04_ddn.uasset" 228
"../../../Evacuate_Proto/Content/Textures/Normal/Leaf03_ddn.uasset" 229
"../../../Evacuate_Proto/Content/Textures/Normal/Leaf00_ddn.uasset" 230
"../../../Evacuate_Proto/Content/Textures/Normal/Cross10__ddn.uasset" 231
"../../../Evacuate_Proto/Content/Textures/Normal/Cross09_ddn.uasset" 232
"../../../Evacuate_Proto/Content/Textures/Normal/Cross07_ddn.uasset" 233
"../../../Evacuate_Proto/Content/Textures/Normal/Cross06_ddn.uasset" 234
"../../../Evacuate_Proto/Content/Textures/Normal/Cross05_ddn.uasset" 235
"../../../Evacuate_Proto/Content/Textures/Normal/Cross03_ddn.uasset" 236
"../../../Evacuate_Proto/Content/Textures/Normal/Cross02_ddn.uasset" 237
"../../../Evacuate_Proto/Content/Textures/Normal/Cross01_ddn.uasset" 238
"../../../Evacuate_Proto/Content/Textures/Normal/Branch_Autumn_ddn.uasset" 239
"../../../Evacuate_Proto/Content/Textures/Grayscale/rock_seamless_rough_displ.uasset" 240
"../../../Evacuate_Proto/Content/Textures/Grayscale/rock_seamless_displ.uasset" 241
"../../../Evacuate_Proto/Content/Textures/Grayscale/old_wood_displ.uasset" 242
"../../../Evacuate_Proto/Content/Textures/Grayscale/concrete_wall_rough_displ.uasset" 243
"../../../Evacuate_Proto/Content/Textures/Grayscale/concrete_smooth_displ.uasset" 244
"../../../Evacuate_Proto/Content/Textures/Diffuse/Wood14.uasset" 245
"../../../Evacuate_Proto/Content/Textures/Diffuse/Wood13.uasset" 246
"../../../Evacuate_Proto/Content/Textures/Diffuse/Wood12.uasset" 247
"../../../Evacuate_Proto/Content/Textures/Diffuse/Wood11.uasset" 248
"../../../Evacuate_Proto/Content/Textures/Diffuse/Wood10.uasset" 249
"../../../Evacuate_Proto/Content/Textures/Diffuse/Wood09.uasset" 250
"../../../Evacuate_Proto/Content/Textures/Diffuse/Wood08.uasset" 251
"../../../Evacuate_Proto/Content/Textures/Diffuse/Wood06.uasset" 252
"../../../Evacuate_Proto/Content/Textures/Diffuse/Wood05.uasset" 253
"../../../Evacuate_Proto/Content/Textures/Diffuse/Wood04.uasset" 254
"../../../Evacuate_Proto/Content/Textures/Diffuse/Wood00.uasset" 255
"../../../Evacuate_Proto/Content/Textures/Diffuse/T_brickwork_dusty.uasset" 256
"../../../Evacuate_Proto/Content/Textures/Diffuse/tarp_texture.uasset" 257
"../../../Evacuate_Proto/Content/Textures/Diffuse/rock_seamless.uasset" 258
"../../../Evacuate_Proto/Content/Textures/Diffuse/Leaf25.uasset" 259
"../../../Evacuate_Proto/Content/Textures/Diffuse/Leaf23.uasset" 260
"../../../Evacuate_Proto/Content/Textures/Diffuse/Leaf22.uasset" 261
"../../../Evacuate_Proto/Content/Textures/Diffuse/Leaf21.uasset" 262
"../../../Evacuate_Proto/Content/Textures/Diffuse/Leaf20.uasset" 263
"../../../Evacuate_Proto/Content/Textures/Diffuse/Leaf19.uasset" 264
"../../../Evacuate_Proto/Content/Textures/Diffuse/Leaf18.uasset" 265
"../../../Evacuate_Proto/Content/Textures/Diffuse/Leaf17.uasset" 266
"../../../Evacuate_Proto/Content/Textures/Diffuse/Leaf16.uasset" 267
"../../../Evacuate_Proto/Content/Textures/Diffuse/Leaf15.uasset" 268
"../../../Evacuate_Proto/Content/Textures/Diffuse/Leaf14.uasset" 269
"../../../Evacuate_Proto/Content/Textures/Diffuse/Leaf13.uasset" 270
"../../../Evacuate_Proto/Content/Textures/Diffuse/Leaf12.uasset" 271
"../../../Evacuate_Proto/Content/Textures/Diffuse/Leaf10.uasset" 272
"../../../Evacuate_Proto/Content/Textures/Diffuse/Leaf09.uasset" 273
"../../../Evacuate_Proto/Content/Textures/Diffuse/Leaf07.uasset" 274
"../../../Evacuate_Proto/Content/Textures/Diffuse/Leaf06.uasset" 275
"../../../Evacuate_Proto/Content/Textures/Diffuse/Leaf05.uasset" 276
"../../../Evacuate_Proto/Content/Textures/Diffuse/Leaf04.uasset" 277
"../../../Evacuate_Proto/Content/Textures/Diffuse/Leaf03.uasset" 278
"../../../Evacuate_Proto/Content/Textures/Diffuse/Leaf00.uasset" 279
"../../../Evacuate_Proto/Content/Textures/Diffuse/grey_brick.uasset" 280
"../../../Evacuate_Proto/Content/Textures/Diffuse/Cross10.uasset" 281
"../../../Evacuate_Proto/Content/Textures/Diffuse/Cross07.uasset" 282
"../../../Evacuate_Proto/Content/Textures/Diffuse/Cross06.uasset" 283
"../../../Evacuate_Proto/Content/Textures/Diffuse/Cross05.uasset" 284
"../../../Evacuate_Proto/Content/Textures/Diffuse/Cross03.uasset" 285
"../../../Evacuate_Proto/Content/Textures/Diffuse/Cross02.uasset" 286
"../../../Evacuate_Proto/Content/Textures/Diffuse/Cross01.uasset" 287
"../../../Evacuate_Proto/Content/Textures/Diffuse/Branch_Summer2.uasset" 288
"../../../Evacuate_Proto/Content/Textures/Diffuse/Branch_Autumn.uasset" 289
"../../../Evacuate_Proto/Content/Objects/Weapons/ReaperSword/blade.uasset" 290
"../../../Evacuate_Proto/Content/Objects/Weapons/ReaperSword/handle.uasset" 291
"../../../Evacuate_Proto/Content/Objects/Weapons/ReaperSword/handle_bottom.uasset" 292
"../../../Evacuate_Proto/Content/Objects/Weapons/ReaperSword/handle_top.uasset" 293
"../../../Evacuate_Proto/Content/Objects/Weapons/ReaperSword/ReaperSword.uasset" 294
"../../../Engine/Content/Functions/Engine_MaterialFunctions01/Texturing/DetailTexturing.uasset" 295
"../../../Evacuate_Proto/Content/Map/LevelLandscapeTextures/Grass04.uasset" 296
"../../../Evacuate_Proto/Content/Textures/Diffuse/soil_dm.uasset" 297
"../../../Evacuate_Proto/Content/Textures/Normal/Grass00_ddn.uasset" 298
"../../../Evacuate_Proto/Content/Textures/Normal/soil_nm.uasset" 299
"../../../Evacuate_Proto/Content/Objects/Structures/Materials/trainingHouse__4__grass__physDefault.uasset" 300
"../../../Evacuate_Proto/Content/Textures/Diffuse/archway_dif.uasset" 301
"../../../Evacuate_Proto/Content/Textures/Normal/archway_tex_ddn.uasset" 302
"../../../Evacuate_Proto/Content/Objects/Structures/Materials/trainingHouse__3__wall__physDefault.uasset" 303
"../../../Evacuate_Proto/Content/Map/LevelLandscapeTextures/cliff.uasset" 304
"../../../Evacuate_Proto/Content/Map/LevelLandscapeTextures/cliff_ddn.uasset" 305
"../../../Evacuate_Proto/Content/Map/LevelLandscapeTextures/cliff_stone.uasset" 306
"../../../Evacuate_Proto/Content/Map/LevelLandscapeTextures/cliff_stone_ddn.uasset" 307
"../../../Evacuate_Proto/Content/Objects/Structures/Materials/trainingHouse__2__innerPlat__physDefault.uasset" 308
"../../../Evacuate_Proto/Content/Map/LevelLandscapeTextures/rockMoss.uasset" 309
"../../../Evacuate_Proto/Content/Textures/Diffuse/Dirt01.uasset" 310
"../../../Evacuate_Proto/Content/Textures/Normal/Dirt01_ddn.uasset" 311
"../../../Evacuate_Proto/Content/Textures/Normal/rock_seamless_rough_ddn.uasset" 312
"../../../Evacuate_Proto/Content/Objects/Structures/Materials/trainingHouse__1__outerPlat__physDefault.uasset" 313
"../../../Evacuate_Proto/Content/Objects/Structures/Materials/outStairs__2__mat2__physDefault.uasset" 314
"../../../Evacuate_Proto/Content/Objects/Structures/Materials/outStairs__1__mat__physDefault.uasset" 315
"../../../Evacuate_Proto/Content/Objects/Structures/Textures/N_wood03.uasset" 316
"../../../Evacuate_Proto/Content/Objects/Structures/Textures/T_wood03.uasset" 317
"../../../Evacuate_Proto/Content/Objects/Structures/Materials/M_Wood03.uasset" 318
"../../../Evacuate_Proto/Content/Objects/Structures/Textures/house_wood_roofplat.uasset" 319
"../../../Evacuate_Proto/Content/Objects/Structures/Textures/house_wood_roofplat_ddn.uasset" 320
"../../../Evacuate_Proto/Content/Objects/Structures/Materials/M_roofPlat.uasset" 321
"../../../Evacuate_Proto/Content/Objects/Structures/Textures/old_wood.uasset" 322
"../../../Evacuate_Proto/Content/Objects/Structures/Textures/old_wood_ddn.uasset" 323
"../../../Evacuate_Proto/Content/Objects/Structures/Materials/M_old_wood.uasset" 324
"../../../Evacuate_Proto/Content/Objects/Structures/Materials/M_gold.uasset" 325
"../../../Evacuate_Proto/Content/Objects/Structures/Textures/fire_seal.uasset" 326
"../../../Evacuate_Proto/Content/Objects/Structures/Materials/M_fire_sym.uasset" 327
"../../../Evacuate_Proto/Content/Objects/Structures/Textures/black_stone.uasset" 328
"../../../Evacuate_Proto/Content/Objects/Structures/Textures/black_stone_ddn.uasset" 329
"../../../Evacuate_Proto/Content/Objects/Structures/Materials/M_black_stone.uasset" 330
"../../../Evacuate_Proto/Content/Objects/Structures/Textures/bark01.uasset" 331
"../../../Evacuate_Proto/Content/Objects/Structures/Textures/bark01_ddn.uasset" 332
"../../../Evacuate_Proto/Content/Objects/Structures/Materials/M_bark01.uasset" 333
"../../../Evacuate_Proto/Content/Objects/Structures/Materials/large_building__7__mat7__physDefault.uasset" 334
"../../../Evacuate_Proto/Content/Textures/Diffuse/rock_seamless_rough.uasset" 335
"../../../Evacuate_Proto/Content/Objects/Structures/Materials/large_building__6__mat6__physDefault.uasset" 336
"../../../Evacuate_Proto/Content/Textures/Diffuse/wall_texture.uasset" 337
"../../../Evacuate_Proto/Content/Textures/Grayscale/wall_texture_displ.uasset" 338
"../../../Evacuate_Proto/Content/Textures/Normal/wall_texture_ddn.uasset" 339
"../../../Evacuate_Proto/Content/Objects/Structures/Materials/large_building__5__mat5__physDefault.uasset" 340
"../../../Evacuate_Proto/Content/Textures/Diffuse/concrete_wall_rough.uasset" 341
"../../../Evacuate_Proto/Content/Textures/Normal/concrete_wall_rough_ddn.uasset" 342
"../../../Evacuate_Proto/Content/Objects/Structures/Materials/large_building__4__mat4__physDefault.uasset" 343
"../../../Evacuate_Proto/Content/Objects/Structures/Textures/concrete_smooth.uasset" 344
"../../../Evacuate_Proto/Content/Textures/Normal/concrete_smooth_ddn.uasset" 345
"../../../Evacuate_Proto/Content/Objects/Structures/Materials/large_building__3__mat3__physDefault.uasset" 346
"../../../Evacuate_Proto/Content/Objects/Structures/Textures/N_outer_window.uasset" 347
"../../../Evacuate_Proto/Content/Objects/Structures/Textures/T_outer_window.uasset" 348
"../../../Evacuate_Proto/Content/Objects/Structures/Materials/large_building__2__mat2__physDefault.uasset" 349
"../../../Evacuate_Proto/Content/Textures/Diffuse/brick_rough.uasset" 350
"../../../Evacuate_Proto/Content/Textures/Diffuse/grey_brick2.uasset" 351
"../../../Evacuate_Proto/Content/Textures/Normal/brick_rough_ddn.uasset" 352
"../../../Evacuate_Proto/Content/Textures/Normal/grey_brick_ddn.uasset" 353
"../../../Evacuate_Proto/Content/Objects/Structures/Materials/large_building__1__mat__physDefault.uasset" 354
"../../../Evacuate_Proto/Content/Objects/Static/wall_pipe_Water_Pipe_Broken.uasset" 355
"../../../Evacuate_Proto/Content/Objects/Static/wall_pipe_Water_Pipe.uasset" 356
"../../../Evacuate_Proto/Content/Objects/Static/Light_Fixture_1.uasset" 357
"../../../Evacuate_Proto/Content/Objects/Props/logs/Textures/bark01.uasset" 358
"../../../Evacuate_Proto/Content/Objects/Props/logs/Textures/bark01_ddn.uasset" 359
"../../../Evacuate_Proto/Content/Objects/Props/logs/Materials/M_log.uasset" 360
"../../../Evacuate_Proto/Content/Objects/Props/logs/log_pile.uasset" 361
"../../../Evacuate_Proto/Content/Objects/Props/logs/Textures/N_rope.uasset" 362
"../../../Evacuate_Proto/Content/Objects/Props/logs/Textures/T_rope.uasset" 363
"../../../Evacuate_Proto/Content/Objects/Props/logs/Materials/M_rope.uasset" 364
"../../../Evacuate_Proto/Content/Objects/Props/logs/logWall.uasset" 365
"../../../Evacuate_Proto/Content/Objects/Props/logs/log.uasset" 366
"../../../Evacuate_Proto/Content/Textures/Diffuse/bark01.uasset" 367
"../../../Evacuate_Proto/Content/Textures/Normal/bark01_ddn.uasset" 368
"../../../Evacuate_Proto/Content/Materials/M_bark01.uasset" 369
"../../../Evacuate_Proto/Content/Objects/Props/Fence/fence.uasset" 370
"../../../Evacuate_Proto/Content/Objects/Props/cart/Materials/Axle.uasset" 371
"../../../Evacuate_Proto/Content/Objects/Props/cart/Materials/Base_cart.uasset" 372
"../../../Evacuate_Proto/Content/Objects/Props/cart/Materials/cart_border.uasset" 373
"../../../Evacuate_Proto/Content/Textures/Normal/old_wood_ddn.uasset" 374
"../../../Evacuate_Proto/Content/Objects/Props/cart/Materials/cart_highlight.uasset" 375
"../../../Evacuate_Proto/Content/Objects/Props/cart/Materials/wheel.uasset" 376
"../../../Evacuate_Proto/Content/Objects/Props/cart/Materials/wheel_border.uasset" 377
"../../../Evacuate_Proto/Content/Objects/Props/cart/Materials/wheel_highlight.uasset" 378
"../../../Evacuate_Proto/Content/Objects/Props/cart/cart_prop.uasset" 379
"../../../Evacuate_Proto/Content/Textures/Diffuse/house_wood_roofplat.uasset" 380
"../../../Evacuate_Proto/Content/Textures/Normal/house_wood_roofplat_ddn.uasset" 381
"../../../Evacuate_Proto/Content/Materials/eagleFlaskProp__1__mat1__physDefault.uasset" 382
"../../../Evacuate_Proto/Content/Textures/Diffuse/ironTexture.uasset" 383
"../../../Evacuate_Proto/Content/Textures/Normal/ironTexture_ddn.uasset" 384
"../../../Evacuate_Proto/Content/Materials/trainingHouseStatue__1__mat__physDefault.uasset" 385
"../../../Evacuate_Proto/Content/Objects/Props/eagle_flask.uasset" 386
"../../../Evacuate_Proto/Content/Objects/Particles/fire_CPU.uasset" 387
"../../../Evacuate_Proto/Content/Objects/Character/Animations/IDLE_Ack_n90.uasset" 388
"../../../Evacuate_Proto/Content/Objects/Character/Animations/IDLE_Ack_180.uasset" 389
"../../../Evacuate_Proto/Content/Textures/Diffuse/Wood02.uasset" 390
"../../../Evacuate_Proto/Content/Materials/wood02png.uasset" 391
"../../../Evacuate_Proto/Content/Materials/Water4.uasset" 392
"../../../Evacuate_Proto/Content/Materials/Water3.uasset" 393
"../../../Evacuate_Proto/Content/Materials/Water.uasset" 394
"../../../Evacuate_Proto/Content/Materials/tunnelWall.uasset" 395
"../../../Evacuate_Proto/Content/Textures/Diffuse/Leaf08.uasset" 396
"../../../Evacuate_Proto/Content/Textures/Normal/Leaf08_ddn.uasset" 397
"../../../Evacuate_Proto/Content/Materials/tree_cluster_a__3__leaf08png__physNone.uasset" 398
"../../../Evacuate_Proto/Content/Textures/Diffuse/Wood03.uasset" 399
"../../../Evacuate_Proto/Content/Textures/Normal/Wood03_ddn.uasset" 400
"../../../Evacuate_Proto/Content/Materials/tree_cluster_a__2__wood03png__physDefault.uasset" 401
"../../../Evacuate_Proto/Content/Textures/Diffuse/Cross04.uasset" 402
"../../../Evacuate_Proto/Content/Textures/Normal/Cross04_ddn.uasset" 403
"../../../Evacuate_Proto/Content/Materials/tree_cluster_a__1__cross04png__physNone.uasset" 404
"../../../Evacuate_Proto/Content/Materials/tree03__2__bark01__physDefault.uasset" 405
"../../../Evacuate_Proto/Content/Textures/Diffuse/Cross09.uasset" 406
"../../../Evacuate_Proto/Content/Materials/tree03__1__cross09__physNone.uasset" 407
"../../../Evacuate_Proto/Content/Materials/stone_dark.uasset" 408
"../../../Evacuate_Proto/Content/Materials/smallBush__2__wood__physDefault.uasset" 409
"../../../Evacuate_Proto/Content/Textures/Diffuse/Leaf26.uasset" 410
"../../../Evacuate_Proto/Content/Materials/smallBush__1__leaf__physNone.uasset" 411
"../../../Evacuate_Proto/Content/Textures/Diffuse/concrete_smooth.uasset" 412
"../../../Evacuate_Proto/Content/Materials/ruin_bridge__2__mat2__physDefault__grey_brick_dds.uasset" 413
"../../../Evacuate_Proto/Content/Materials/ruin_bridge__1__mat1__physDefault__grey_brick_dds.uasset" 414
"../../../Evacuate_Proto/Content/Textures/Grayscale/ironTexture_spec.uasset" 415
"../../../Evacuate_Proto/Content/Materials/Overlook_connector.uasset" 416
"../../../Evacuate_Proto/Content/Materials/Overlook_Black_stone.uasset" 417
"../../../Evacuate_Proto/Content/Materials/M_Wall_deco_01_mat4.uasset" 418
"../../../Evacuate_Proto/Content/Textures/Diffuse/outerRock.uasset" 419
"../../../Evacuate_Proto/Content/Materials/M_Wall_deco_01_mat3.uasset" 420
"../../../Evacuate_Proto/Content/Materials/M_Wall_deco_01_mat2.uasset" 421
"../../../Evacuate_Proto/Content/Materials/M_Wall_deco_01_mat1.uasset" 422
"../../../Evacuate_Proto/Content/Materials/M_Wall_deco_01_mat0.uasset" 423
"../../../Evacuate_Proto/Content/Textures/Diffuse/N_Lava.uasset" 424
"../../../Evacuate_Proto/Content/Textures/Diffuse/T_lava.uasset" 425
"../../../Evacuate_Proto/Content/Materials/M_Lava.uasset" 426
"../../../Evacuate_Proto/Content/Materials/M_Dual_Pillar_mat3.uasset" 427
"../../../Evacuate_Proto/Content/Materials/M_Dual_Pillar_mat2.uasset" 428
"../../../Evacuate_Proto/Content/Materials/M_Dual_Pillar_mat1.uasset" 429
"../../../Evacuate_Proto/Content/Materials/M_Door_sealed_mat4.uasset" 430
"../../../Evacuate_Proto/Content/Materials/M_Door_sealed_mat3.uasset" 431
"../../../Evacuate_Proto/Content/Materials/M_Door_sealed_mat2.uasset" 432
"../../../Evacuate_Proto/Content/Textures/Diffuse/old_wood.uasset" 433
"../../../Evacuate_Proto/Content/Materials/M_Door_sealed_mat1.uasset" 434
"../../../Evacuate_Proto/Content/Materials/M_Door_sealed_mat0.uasset" 435
"../../../Evacuate_Proto/Content/Textures/Diffuse/fire_seal.uasset" 436
"../../../Evacuate_Proto/Content/Materials/M_Arch_02_sym1.uasset" 437
"../../../Evacuate_Proto/Content/Materials/M_Arch_02_mat4.uasset" 438
"../../../Evacuate_Proto/Content/Materials/M_Arch_02_mat3.uasset" 439
"../../../Evacuate_Proto/Content/Materials/M_Arch_02_mat2.uasset" 440
"../../../Evacuate_Proto/Content/Materials/M_Arch_02_mat1.uasset" 441
"../../../Evacuate_Proto/Content/Materials/M_Arch_01_mat4.uasset" 442
"../../../Evacuate_Proto/Content/Materials/M_Arch_01_mat3.uasset" 443
"../../../Evacuate_Proto/Content/Materials/M_Arch_01_mat2.uasset" 444
"../../../Evacuate_Proto/Content/Materials/M_Arch_01_mat1.uasset" 445
"../../../Evacuate_Proto/Content/Textures/Diffuse/Leaf02.uasset" 446
"../../../Evacuate_Proto/Content/Textures/Normal/Leaf02_ddn.uasset" 447
"../../../Evacuate_Proto/Content/Materials/leafPile01_var2.uasset" 448
"../../../Evacuate_Proto/Content/Materials/leafPile01_var1.uasset" 449
"../../../Evacuate_Proto/Content/Materials/leafPile01_var0.uasset" 450
"../../../Evacuate_Proto/Content/Textures/Diffuse/Leaf24.uasset" 451
"../../../Evacuate_Proto/Content/Materials/leaf24png.uasset" 452
"../../../Evacuate_Proto/Content/Textures/Diffuse/grass.uasset" 453
"../../../Evacuate_Proto/Content/Materials/grass_expensive_2__1__mat1__physNone.uasset" 454
"../../../Evacuate_Proto/Content/Materials/glass.uasset" 455
"../../../Evacuate_Proto/Content/Materials/Gateway_Dis_Wall.uasset" 456
"../../../Evacuate_Proto/Content/Materials/Gateway_Dis_Floor.uasset" 457
"../../../Evacuate_Proto/Content/Materials/floor.uasset" 458
"../../../Evacuate_Proto/Content/Textures/Diffuse/Wood01.uasset" 459
"../../../Evacuate_Proto/Content/Textures/Normal/Wood01_nm.uasset" 460
"../../../Evacuate_Proto/Content/Materials/entryWood.uasset" 461
"../../../Evacuate_Proto/Content/Materials/EagleTower__3__iron__physDefault.uasset" 462
"../../../Evacuate_Proto/Content/Textures/Diffuse/Wood012.uasset" 463
"../../../Evacuate_Proto/Content/Materials/EagleTower__2__silverWood__physDefault.uasset" 464
"../../../Evacuate_Proto/Content/Textures/Normal/outerRockTexture_ddn.uasset" 465
"../../../Evacuate_Proto/Content/Materials/EagleTower__1__towerStone__physDefault.uasset" 466
"../../../Evacuate_Proto/Content/Textures/Diffuse/dirtRoad.uasset" 467
"../../../Evacuate_Proto/Content/Textures/Normal/dirtRoad_nm.uasset" 468
"../../../Evacuate_Proto/Content/Materials/dirtpath.uasset" 469
"../../../Evacuate_Proto/Content/Textures/Diffuse/Cross08.uasset" 470
"../../../Evacuate_Proto/Content/Textures/Normal/Cross08_ddn.uasset" 471
"../../../Evacuate_Proto/Content/Materials/cross08png.uasset" 472
"../../../Evacuate_Proto/Content/Materials/cliff__1__mat1__physDefault.uasset" 473
"../../../Evacuate_Proto/Content/Map/LevelLandscapeTextures/soil_nm.uasset" 474
"../../../Evacuate_Proto/Content/Textures/Diffuse/Grass_00.uasset" 475
"../../../Evacuate_Proto/Content/Materials/cliffobj2_Grass00.uasset" 476
"../../../Evacuate_Proto/Content/Textures/Diffuse/T_cliff2.uasset" 477
"../../../Evacuate_Proto/Content/Textures/Normal/N_cliff2.uasset" 478
"../../../Evacuate_Proto/Content/Materials/cliffobj2.uasset" 479
"../../../Evacuate_Proto/Content/Materials/cliff.uasset" 480
"../../../Evacuate_Proto/Content/Textures/Diffuse/Leaf11.uasset" 481
"../../../Evacuate_Proto/Content/Textures/Normal/N_Leaf11.uasset" 482
"../../../Evacuate_Proto/Content/Materials/bush01__2__leaf__physNone.uasset" 483
"../../../Evacuate_Proto/Content/Materials/bush01__1__wood__physDefault.uasset" 484
"../../../Evacuate_Proto/Content/Materials/brickwall.uasset" 485
"../../../Evacuate_Proto/Content/Textures/Diffuse/Branch_Summer.uasset" 486
"../../../Evacuate_Proto/Content/Textures/Normal/Branch_Summer_ddn.uasset" 487
"../../../Evacuate_Proto/Content/Materials/Branch_Summer.uasset" 488
"../../../Evacuate_Proto/Content/Materials/block_building_a__04__glass__physNone.uasset" 489
"../../../Evacuate_Proto/Content/Materials/block_building_a__03__wood__physNone.uasset" 490
"../../../Evacuate_Proto/Content/Materials/block_building_a__01__brick__physNone.uasset" 491
"../../../Evacuate_Proto/Content/Materials/Agri_Dis__Grass.uasset" 492
"../../../Evacuate_Proto/Content/Materials/Agri_Dis_Wall.uasset" 493
"../../../Evacuate_Proto/Content/Materials/Agri_Dis_StackedStone.uasset" 494
"../../../Evacuate_Proto/Content/Materials/Agri_Dis_Path_Cross.uasset" 495
"../../../Evacuate_Proto/Content/Materials/Agri_Dis_PathBorder.uasset" 496
"../../../Evacuate_Proto/Content/Materials/Agri_Dis_Path.uasset" 497
"../../../Evacuate_Proto/Content/Blueprints/DataTypes/TOD_Light.uasset" 498
"../../../Evacuate_Proto/Content/Objects/Particles/fire_GPU.uasset" 499
"../../../Evacuate_Proto/Content/Textures/iron.uasset" 500
"../../../Evacuate_Proto/Content/Textures/ironTexture_ddn.uasset" 501
"../../../Evacuate_Proto/Content/Objects/Props/iron.uasset" 502
"../../../Evacuate_Proto/Content/Objects/Props/wallTorch.uasset" 503
"../../../Evacuate_Proto/Content/Blueprints/SmartObjects/SO_wallTorch.uasset" 504
"../../../Evacuate_Proto/Content/Textures/Grayscale/BaseBeam.uasset" 505
"../../../Evacuate_Proto/Content/Textures/Grayscale/BeamPulse.uasset" 506
"../../../Evacuate_Proto/Content/Objects/Particles/M_electric.uasset" 507
"../../../Evacuate_Proto/Content/Objects/Particles/electric_GPU.uasset" 508
"../../../Evacuate_Proto/Content/Blueprints/SmartObjects/SO_LitWall.uasset" 509
"../../../Evacuate_Proto/Content/Blueprints/SmartObjects/SO_Elevator.uasset" 510
"../../../Evacuate_Proto/Content/Blueprints/DataTypes/Door.uasset" 511
"../../../Evacuate_Proto/Content/Blueprints/SmartObjects/SO_Door.uasset" 512
"../../../Evacuate_Proto/Content/Blueprints/SmartObjects/Fire.uasset" 513
"../../../Evacuate_Proto/Content/Objects/Particles/campfire.uasset" 514
"../../../Evacuate_Proto/Content/Blueprints/SmartObjects/campfire.uasset" 515
"../../../Evacuate_Proto/Content/Materials/M_Door_sealed_sym1.uasset" 516
"../../../Evacuate_Proto/Content/Textures/Diffuse/Wood07.uasset" 517
"../../../Evacuate_Proto/Content/Textures/Normal/Wood07_ddn.uasset" 518
"../../../Evacuate_Proto/Content/Materials/Wood01.uasset" 519
"../../../Engine/Content/BasicShapes/Cylinder.uasset" 520
"../../../Evacuate_Proto/Content/Blueprints/SmartObjects/AnchorPoint.uasset" 521
"../../../Engine/Content/BasicShapes/Sphere.uasset" 522
"../../../Evacuate_Proto/Content/Blueprints/DataTypes/GameTime.uasset" 523
"../../../Evacuate_Proto/Content/Blueprints/Layers/TOD_Layer.uasset" 524
"../../../Evacuate_Proto/Content/Blueprints/GUI/PauseMenu.uasset" 525
"../../../Evacuate_Proto/Content/Textures/Snapshots/Unreal_Engine_Demo_11_04_2016_-_17_43_59_01.uasset" 526
"../../../Evacuate_Proto/Content/Blueprints/GUI/MainMenu.uasset" 527
"../../../Evacuate_Proto/Content/Objects/Character/Animations/IDLE_Ack_90.uasset" 528
"../../../Evacuate_Proto/Content/Blueprints/Character/AI_Character/Test_AI_Mat.uasset" 529
"../../../Engine/Content/MobileResources/HUD/MobileHUDDirectionStick.uasset" 530
"../../../Engine/Content/MobileResources/HUD/T_Castle_ThumbstickOutter.uasset" 531
"../../../Engine/Content/MobileResources/HUD/MobileHUDDirectionPad2.uasset" 532
"../../../Engine/Content/MobileResources/HUD/MobileHUDButtonFire.uasset" 533
"../../../Engine/Content/MobileResources/HUD/MobileHUDButton1_off.uasset" 534
"../../../Evacuate_Proto/Content/Blueprints/Character/testRig/testRigChar_Skeleton.uasset" 535
"../../../Evacuate_Proto/Content/Blueprints/Character/testRig/testRigChar_Anim.uasset" 536
"../../../Evacuate_Proto/Content/Objects/Character/Animations/IDLE_Ack.uasset" 537
"../../../Engine/Content/EngineSky/C_Sky_Cloud_Color.uasset" 538
"../../../Engine/Content/EngineSky/C_Sky_Horizon_Color.uasset" 539
"../../../Engine/Content/EngineSky/C_Sky_Zenith_Color.uasset" 540
"../../../Engine/Content/EngineSky/T_Sky_Blue.uasset" 541
"../../../Engine/Content/EngineSky/T_Sky_Clouds_M.uasset" 542
"../../../Engine/Content/EngineSky/T_Sky_Stars.uasset" 543
"../../../Engine/Content/EngineSky/M_Sky_Panning_Clouds2.uasset" 544
"../../../Engine/Content/EngineSky/SM_SkySphere.uasset" 545
"../../../Engine/Content/EngineSky/BP_Sky_Sphere.uasset" 546
"../../../Evacuate_Proto/Content/Objects/Particles/M_fire2.uasset" 547
"../../../Evacuate_Proto/Content/SafeZone.uasset" 548
"../../../Evacuate_Proto/Content/Blueprints/SmartObjects/SafeZone.uasset" 549
"../../../Evacuate_Proto/Content/Map/Evacuate_Proto_sharedassets/Cliff_LayerInfo.uasset" 550
"../../../Evacuate_Proto/Content/Map/Evacuate_Proto_sharedassets/Grass_LayerInfo.uasset" 551
"../../../Evacuate_Proto/Content/Map/Evacuate_Proto_sharedassets/Mud_LayerInfo.uasset" 552
"../../../Evacuate_Proto/Content/Map/Evacuate_Proto_sharedassets/Soil_LayerInfo.uasset" 553
"../../../Evacuate_Proto/Content/Map/Evacuate_Proto_sharedassets/Stone_LayerInfo.uasset" 554
"../../../Evacuate_Proto/Content/Map/LevelLandscapeTextures/Dirt01.uasset" 555
"../../../Evacuate_Proto/Content/Map/LevelLandscapeTextures/Dirt01_ddn.uasset" 556
"../../../Evacuate_Proto/Content/Map/LevelLandscapeTextures/Grass01.uasset" 557
"../../../Evacuate_Proto/Content/Map/LevelLandscapeTextures/Grass01_ddn.uasset" 558
"../../../Evacuate_Proto/Content/Map/LevelLandscapeTextures/soil_dm.uasset" 559
"../../../Evacuate_Proto/Content/Map/LevelLandscapeMaterials/Level01.uasset" 560
"../../../Evacuate_Proto/Content/Objects/Structures/Textures/concrete_smooth_ddn.uasset" 561
"../../../Evacuate_Proto/Content/Objects/Structures/Materials/M_smoothConcrete.uasset" 562
"../../../Engine/Content/EngineMaterials/DefaultPhysicalMaterial.uasset" 563
"../../../Evacuate_Proto/Content/Materials/bricks_dark.uasset" 564
"../../../Evacuate_Proto/Content/Objects/Static/Evacuate_Structure.uasset" 565
"../../../Evacuate_Proto/Content/Map/Evacuate_Proto.umap" 566
"../../../Engine/Content/MapTemplates/SM_Template_Map_Floor.uasset" 567
"../../../Engine/Content/Maps/Templates/Template_Default.umap" 568
